
*** Running vivado
    with args -log vga.vds -m64 -mode batch -messageDb vivado.pb -notrace -source vga.tcl

WARNING: Default location for XILINX_VIVADO_HLS not found: 

****** Vivado v2015.2 (64-bit)
  **** SW Build 1266856 on Fri Jun 26 16:35:25 MDT 2015
  **** IP Build 1264090 on Wed Jun 24 14:22:01 MDT 2015
    ** Copyright 1986-2015 Xilinx, Inc. All Rights Reserved.

source vga.tcl -notrace
Command: synth_design -top vga -part xc7a100tcsg324-1
Starting synth_design
Attempting to get a license for feature 'Synthesis' and/or device 'xc7a100t'
INFO: [Common 17-349] Got license for feature 'Synthesis' and/or device 'xc7a100t'
---------------------------------------------------------------------------------
Starting RTL Elaboration : Time (s): cpu = 00:00:06 ; elapsed = 00:00:07 . Memory (MB): peak = 270.176 ; gain = 92.566
---------------------------------------------------------------------------------
INFO: [Synth 8-638] synthesizing module 'vga' [C:/Users/aidan/Documents/school/ee454/ee454edgeDetector/modelsim/vga.v:3]
	Parameter hpixels bound to: 9 - type: integer 
	Parameter vlines bound to: 9 - type: integer 
	Parameter hpulse bound to: 96 - type: integer 
	Parameter vpulse bound to: 2 - type: integer 
	Parameter hbp bound to: 144 - type: integer 
	Parameter hfp bound to: 784 - type: integer 
	Parameter vbp bound to: 31 - type: integer 
	Parameter vfp bound to: 511 - type: integer 
INFO: [Synth 8-256] done synthesizing module 'vga' (1#1) [C:/Users/aidan/Documents/school/ee454/ee454edgeDetector/modelsim/vga.v:3]
---------------------------------------------------------------------------------
Finished RTL Elaboration : Time (s): cpu = 00:00:07 ; elapsed = 00:00:08 . Memory (MB): peak = 304.520 ; gain = 126.910
---------------------------------------------------------------------------------

Report Check Netlist: 
+------+------------------+-------+---------+-------+------------------+
|      |Item              |Errors |Warnings |Status |Description       |
+------+------------------+-------+---------+-------+------------------+
|1     |multi_driven_nets |      0|        0|Passed |Multi driven nets |
+------+------------------+-------+---------+-------+------------------+
---------------------------------------------------------------------------------
Finished RTL Optimization Phase 1 : Time (s): cpu = 00:00:07 ; elapsed = 00:00:08 . Memory (MB): peak = 304.520 ; gain = 126.910
---------------------------------------------------------------------------------
INFO: [Device 21-403] Loading part xc7a100tcsg324-1
INFO: [Project 1-570] Preparing netlist for logic optimization

Processing XDC Constraints
Initializing timing engine
Parsing XDC File [C:/Users/aidan/Documents/school/ee454/ee454edgeDetector/ee454_project_viv_try1/Lab2.xdc]
Finished Parsing XDC File [C:/Users/aidan/Documents/school/ee454/ee454edgeDetector/ee454_project_viv_try1/Lab2.xdc]
Completed Processing XDC Constraints

INFO: [Project 1-111] Unisim Transformation Summary:
No Unisim elements were transformed.

Constraint Validation Runtime : Time (s): cpu = 00:00:00 ; elapsed = 00:00:00.087 . Memory (MB): peak = 598.859 ; gain = 0.000
---------------------------------------------------------------------------------
Finished Constraint Validation : Time (s): cpu = 00:00:16 ; elapsed = 00:00:19 . Memory (MB): peak = 598.859 ; gain = 421.250
---------------------------------------------------------------------------------
---------------------------------------------------------------------------------
Start Loading Part and Timing Information
---------------------------------------------------------------------------------
Loading part: xc7a100tcsg324-1
---------------------------------------------------------------------------------
Finished Loading Part and Timing Information : Time (s): cpu = 00:00:16 ; elapsed = 00:00:19 . Memory (MB): peak = 598.859 ; gain = 421.250
---------------------------------------------------------------------------------
---------------------------------------------------------------------------------
Start Applying 'set_property' XDC Constraints
---------------------------------------------------------------------------------
incorrect argument "-dict" for "set_property" at line 7 of file C:/Users/aidan/Documents/school/ee454/ee454edgeDetector/ee454_project_viv_try1/Lab2.xdc
incorrect set of required parameters for "set_property" at line 7 of file C:/Users/aidan/Documents/school/ee454/ee454edgeDetector/ee454_project_viv_try1/Lab2.xdc
---------------------------------------------------------------------
Usage:
  set_property
    [-help]
    [-quiet]
    attribute
    value
    object
    [{>|>>} <stdoutFile>]
---------------------------------------------------------------------
incorrect argument "-dict" for "set_property" at line 82 of file C:/Users/aidan/Documents/school/ee454/ee454edgeDetector/ee454_project_viv_try1/Lab2.xdc
incorrect set of required parameters for "set_property" at line 82 of file C:/Users/aidan/Documents/school/ee454/ee454edgeDetector/ee454_project_viv_try1/Lab2.xdc
---------------------------------------------------------------------
Usage:
  set_property
    [-help]
    [-quiet]
    attribute
    value
    object
    [{>|>>} <stdoutFile>]
---------------------------------------------------------------------
incorrect argument "-dict" for "set_property" at line 156 of file C:/Users/aidan/Documents/school/ee454/ee454edgeDetector/ee454_project_viv_try1/Lab2.xdc
incorrect set of required parameters for "set_property" at line 156 of file C:/Users/aidan/Documents/school/ee454/ee454edgeDetector/ee454_project_viv_try1/Lab2.xdc
---------------------------------------------------------------------
Usage:
  set_property
    [-help]
    [-quiet]
    attribute
    value
    object
    [{>|>>} <stdoutFile>]
---------------------------------------------------------------------
incorrect argument "-dict" for "set_property" at line 157 of file C:/Users/aidan/Documents/school/ee454/ee454edgeDetector/ee454_project_viv_try1/Lab2.xdc
incorrect set of required parameters for "set_property" at line 157 of file C:/Users/aidan/Documents/school/ee454/ee454edgeDetector/ee454_project_viv_try1/Lab2.xdc
---------------------------------------------------------------------
Usage:
  set_property
    [-help]
    [-quiet]
    attribute
    value
    object
    [{>|>>} <stdoutFile>]
---------------------------------------------------------------------
incorrect argument "-dict" for "set_property" at line 158 of file C:/Users/aidan/Documents/school/ee454/ee454edgeDetector/ee454_project_viv_try1/Lab2.xdc
incorrect set of required parameters for "set_property" at line 158 of file C:/Users/aidan/Documents/school/ee454/ee454edgeDetector/ee454_project_viv_try1/Lab2.xdc
---------------------------------------------------------------------
Usage:
  set_property
    [-help]
    [-quiet]
    attribute
    value
    object
    [{>|>>} <stdoutFile>]
---------------------------------------------------------------------
incorrect argument "-dict" for "set_property" at line 161 of file C:/Users/aidan/Documents/school/ee454/ee454edgeDetector/ee454_project_viv_try1/Lab2.xdc
incorrect set of required parameters for "set_property" at line 161 of file C:/Users/aidan/Documents/school/ee454/ee454edgeDetector/ee454_project_viv_try1/Lab2.xdc
---------------------------------------------------------------------
Usage:
  set_property
    [-help]
    [-quiet]
    attribute
    value
    object
    [{>|>>} <stdoutFile>]
---------------------------------------------------------------------
incorrect argument "-dict" for "set_property" at line 162 of file C:/Users/aidan/Documents/school/ee454/ee454edgeDetector/ee454_project_viv_try1/Lab2.xdc
incorrect set of required parameters for "set_property" at line 162 of file C:/Users/aidan/Documents/school/ee454/ee454edgeDetector/ee454_project_viv_try1/Lab2.xdc
---------------------------------------------------------------------
Usage:
  set_property
    [-help]
    [-quiet]
    attribute
    value
    object
    [{>|>>} <stdoutFile>]
---------------------------------------------------------------------
incorrect argument "-dict" for "set_property" at line 163 of file C:/Users/aidan/Documents/school/ee454/ee454edgeDetector/ee454_project_viv_try1/Lab2.xdc
incorrect set of required parameters for "set_property" at line 163 of file C:/Users/aidan/Documents/school/ee454/ee454edgeDetector/ee454_project_viv_try1/Lab2.xdc
---------------------------------------------------------------------
Usage:
  set_property
    [-help]
    [-quiet]
    attribute
    value
    object
    [{>|>>} <stdoutFile>]
---------------------------------------------------------------------
incorrect argument "-dict" for "set_property" at line 166 of file C:/Users/aidan/Documents/school/ee454/ee454edgeDetector/ee454_project_viv_try1/Lab2.xdc
incorrect set of required parameters for "set_property" at line 166 of file C:/Users/aidan/Documents/school/ee454/ee454edgeDetector/ee454_project_viv_try1/Lab2.xdc
---------------------------------------------------------------------
Usage:
  set_property
    [-help]
    [-quiet]
    attribute
    value
    object
    [{>|>>} <stdoutFile>]
---------------------------------------------------------------------
incorrect argument "-dict" for "set_property" at line 167 of file C:/Users/aidan/Documents/school/ee454/ee454edgeDetector/ee454_project_viv_try1/Lab2.xdc
incorrect set of required parameters for "set_property" at line 167 of file C:/Users/aidan/Documents/school/ee454/ee454edgeDetector/ee454_project_viv_try1/Lab2.xdc
---------------------------------------------------------------------
Usage:
  set_property
    [-help]
    [-quiet]
    attribute
    value
    object
    [{>|>>} <stdoutFile>]
---------------------------------------------------------------------
incorrect argument "-dict" for "set_property" at line 168 of file C:/Users/aidan/Documents/school/ee454/ee454edgeDetector/ee454_project_viv_try1/Lab2.xdc
incorrect set of required parameters for "set_property" at line 168 of file C:/Users/aidan/Documents/school/ee454/ee454edgeDetector/ee454_project_viv_try1/Lab2.xdc
---------------------------------------------------------------------
Usage:
  set_property
    [-help]
    [-quiet]
    attribute
    value
    object
    [{>|>>} <stdoutFile>]
---------------------------------------------------------------------
incorrect argument "-dict" for "set_property" at line 171 of file C:/Users/aidan/Documents/school/ee454/ee454edgeDetector/ee454_project_viv_try1/Lab2.xdc
incorrect set of required parameters for "set_property" at line 171 of file C:/Users/aidan/Documents/school/ee454/ee454edgeDetector/ee454_project_viv_try1/Lab2.xdc
---------------------------------------------------------------------
Usage:
  set_property
    [-help]
    [-quiet]
    attribute
    value
    object
    [{>|>>} <stdoutFile>]
---------------------------------------------------------------------
incorrect argument "-dict" for "set_property" at line 172 of file C:/Users/aidan/Documents/school/ee454/ee454edgeDetector/ee454_project_viv_try1/Lab2.xdc
incorrect set of required parameters for "set_property" at line 172 of file C:/Users/aidan/Documents/school/ee454/ee454edgeDetector/ee454_project_viv_try1/Lab2.xdc
---------------------------------------------------------------------
Usage:
  set_property
    [-help]
    [-quiet]
    attribute
    value
    object
    [{>|>>} <stdoutFile>]
---------------------------------------------------------------------
---------------------------------------------------------------------------------
Finished applying 'set_property' XDC Constraints : Time (s): cpu = 00:00:16 ; elapsed = 00:00:19 . Memory (MB): peak = 598.859 ; gain = 421.250
---------------------------------------------------------------------------------
---------------------------------------------------------------------------------
Finished RTL Optimization Phase 2 : Time (s): cpu = 00:00:16 ; elapsed = 00:00:19 . Memory (MB): peak = 598.859 ; gain = 421.250
---------------------------------------------------------------------------------

Report RTL Partitions: 
+-+--------------+------------+----------+
| |RTL Partition |Replication |Instances |
+-+--------------+------------+----------+
+-+--------------+------------+----------+
---------------------------------------------------------------------------------
Start RTL Component Statistics 
---------------------------------------------------------------------------------
Detailed RTL Component Info : 
+---Adders : 
	   2 Input     10 Bit       Adders := 2     
+---Registers : 
	               10 Bit    Registers := 2     
+---Muxes : 
	   2 Input     10 Bit        Muxes := 2     
	   2 Input      2 Bit        Muxes := 2     
---------------------------------------------------------------------------------
Finished RTL Component Statistics 
---------------------------------------------------------------------------------
---------------------------------------------------------------------------------
Start RTL Hierarchical Component Statistics 
---------------------------------------------------------------------------------
Hierarchical RTL Component report 
Module vga 
Detailed RTL Component Info : 
+---Adders : 
	   2 Input     10 Bit       Adders := 2     
+---Registers : 
	               10 Bit    Registers := 2     
+---Muxes : 
	   2 Input     10 Bit        Muxes := 2     
	   2 Input      2 Bit        Muxes := 2     
---------------------------------------------------------------------------------
Finished RTL Hierarchical Component Statistics
---------------------------------------------------------------------------------
---------------------------------------------------------------------------------
Start Part Resource Summary
---------------------------------------------------------------------------------
Part Resources:
DSPs: 240 (col length:80)
BRAMs: 270 (col length: RAMB18 80 RAMB36 40)
---------------------------------------------------------------------------------
Finished Part Resource Summary
---------------------------------------------------------------------------------
Start Parallel Synthesis Optimization  : Time (s): cpu = 00:00:16 ; elapsed = 00:00:19 . Memory (MB): peak = 598.859 ; gain = 421.250
---------------------------------------------------------------------------------
Start Cross Boundary Optimization
---------------------------------------------------------------------------------
---------------------------------------------------------------------------------
Finished Cross Boundary Optimization : Time (s): cpu = 00:00:16 ; elapsed = 00:00:19 . Memory (MB): peak = 598.859 ; gain = 421.250
---------------------------------------------------------------------------------
Finished Parallel Reinference  : Time (s): cpu = 00:00:16 ; elapsed = 00:00:19 . Memory (MB): peak = 598.859 ; gain = 421.250

Report RTL Partitions: 
+-+--------------+------------+----------+
| |RTL Partition |Replication |Instances |
+-+--------------+------------+----------+
+-+--------------+------------+----------+
---------------------------------------------------------------------------------
Start Area Optimization
---------------------------------------------------------------------------------
INFO: [Synth 8-3333] propagating constant 0 across sequential element (i_0/\vc_reg[9] )
INFO: [Synth 8-3333] propagating constant 0 across sequential element (i_0/\hc_reg[9] )
WARNING: [Synth 8-3332] Sequential element (\hc_reg[9] ) is unused and will be removed from module vga.
WARNING: [Synth 8-3332] Sequential element (\hc_reg[8] ) is unused and will be removed from module vga.
WARNING: [Synth 8-3332] Sequential element (\hc_reg[7] ) is unused and will be removed from module vga.
WARNING: [Synth 8-3332] Sequential element (\hc_reg[6] ) is unused and will be removed from module vga.
WARNING: [Synth 8-3332] Sequential element (\hc_reg[5] ) is unused and will be removed from module vga.
WARNING: [Synth 8-3332] Sequential element (\hc_reg[4] ) is unused and will be removed from module vga.
WARNING: [Synth 8-3332] Sequential element (\vc_reg[9] ) is unused and will be removed from module vga.
WARNING: [Synth 8-3332] Sequential element (\vc_reg[8] ) is unused and will be removed from module vga.
WARNING: [Synth 8-3332] Sequential element (\vc_reg[7] ) is unused and will be removed from module vga.
WARNING: [Synth 8-3332] Sequential element (\vc_reg[6] ) is unused and will be removed from module vga.
WARNING: [Synth 8-3332] Sequential element (\vc_reg[5] ) is unused and will be removed from module vga.
WARNING: [Synth 8-3332] Sequential element (\vc_reg[4] ) is unused and will be removed from module vga.
---------------------------------------------------------------------------------
Finished Area Optimization : Time (s): cpu = 00:00:16 ; elapsed = 00:00:20 . Memory (MB): peak = 598.859 ; gain = 421.250
---------------------------------------------------------------------------------
Finished Parallel Area Optimization  : Time (s): cpu = 00:00:16 ; elapsed = 00:00:20 . Memory (MB): peak = 598.859 ; gain = 421.250

Report RTL Partitions: 
+-+--------------+------------+----------+
| |RTL Partition |Replication |Instances |
+-+--------------+------------+----------+
+-+--------------+------------+----------+
Finished Parallel Synthesis Optimization  : Time (s): cpu = 00:00:16 ; elapsed = 00:00:20 . Memory (MB): peak = 598.859 ; gain = 421.250
---------------------------------------------------------------------------------
Start Timing Optimization
---------------------------------------------------------------------------------
---------------------------------------------------------------------------------
Start Applying XDC Timing Constraints
---------------------------------------------------------------------------------
incorrect argument "-dict" for "set_property" at line 7 of file C:/Users/aidan/Documents/school/ee454/ee454edgeDetector/ee454_project_viv_try1/Lab2.xdc
incorrect set of required parameters for "set_property" at line 7 of file C:/Users/aidan/Documents/school/ee454/ee454edgeDetector/ee454_project_viv_try1/Lab2.xdc
---------------------------------------------------------------------
Usage:
  set_property
    [-help]
    [-quiet]
    attribute
    value
    object
    [{>|>>} <stdoutFile>]
---------------------------------------------------------------------
incorrect argument "-dict" for "set_property" at line 82 of file C:/Users/aidan/Documents/school/ee454/ee454edgeDetector/ee454_project_viv_try1/Lab2.xdc
incorrect set of required parameters for "set_property" at line 82 of file C:/Users/aidan/Documents/school/ee454/ee454edgeDetector/ee454_project_viv_try1/Lab2.xdc
---------------------------------------------------------------------
Usage:
  set_property
    [-help]
    [-quiet]
    attribute
    value
    object
    [{>|>>} <stdoutFile>]
---------------------------------------------------------------------
incorrect argument "-dict" for "set_property" at line 156 of file C:/Users/aidan/Documents/school/ee454/ee454edgeDetector/ee454_project_viv_try1/Lab2.xdc
incorrect set of required parameters for "set_property" at line 156 of file C:/Users/aidan/Documents/school/ee454/ee454edgeDetector/ee454_project_viv_try1/Lab2.xdc
---------------------------------------------------------------------
Usage:
  set_property
    [-help]
    [-quiet]
    attribute
    value
    object
    [{>|>>} <stdoutFile>]
---------------------------------------------------------------------
incorrect argument "-dict" for "set_property" at line 157 of file C:/Users/aidan/Documents/school/ee454/ee454edgeDetector/ee454_project_viv_try1/Lab2.xdc
incorrect set of required parameters for "set_property" at line 157 of file C:/Users/aidan/Documents/school/ee454/ee454edgeDetector/ee454_project_viv_try1/Lab2.xdc
---------------------------------------------------------------------
Usage:
  set_property
    [-help]
    [-quiet]
    attribute
    value
    object
    [{>|>>} <stdoutFile>]
---------------------------------------------------------------------
incorrect argument "-dict" for "set_property" at line 158 of file C:/Users/aidan/Documents/school/ee454/ee454edgeDetector/ee454_project_viv_try1/Lab2.xdc
incorrect set of required parameters for "set_property" at line 158 of file C:/Users/aidan/Documents/school/ee454/ee454edgeDetector/ee454_project_viv_try1/Lab2.xdc
---------------------------------------------------------------------
Usage:
  set_property
    [-help]
    [-quiet]
    attribute
    value
    object
    [{>|>>} <stdoutFile>]
---------------------------------------------------------------------
incorrect argument "-dict" for "set_property" at line 161 of file C:/Users/aidan/Documents/school/ee454/ee454edgeDetector/ee454_project_viv_try1/Lab2.xdc
incorrect set of required parameters for "set_property" at line 161 of file C:/Users/aidan/Documents/school/ee454/ee454edgeDetector/ee454_project_viv_try1/Lab2.xdc
---------------------------------------------------------------------
Usage:
  set_property
    [-help]
    [-quiet]
    attribute
    value
    object
    [{>|>>} <stdoutFile>]
---------------------------------------------------------------------
incorrect argument "-dict" for "set_property" at line 162 of file C:/Users/aidan/Documents/school/ee454/ee454edgeDetector/ee454_project_viv_try1/Lab2.xdc
incorrect set of required parameters for "set_property" at line 162 of file C:/Users/aidan/Documents/school/ee454/ee454edgeDetector/ee454_project_viv_try1/Lab2.xdc
---------------------------------------------------------------------
Usage:
  set_property
    [-help]
    [-quiet]
    attribute
    value
    object
    [{>|>>} <stdoutFile>]
---------------------------------------------------------------------
incorrect argument "-dict" for "set_property" at line 163 of file C:/Users/aidan/Documents/school/ee454/ee454edgeDetector/ee454_project_viv_try1/Lab2.xdc
incorrect set of required parameters for "set_property" at line 163 of file C:/Users/aidan/Documents/school/ee454/ee454edgeDetector/ee454_project_viv_try1/Lab2.xdc
---------------------------------------------------------------------
Usage:
  set_property
    [-help]
    [-quiet]
    attribute
    value
    object
    [{>|>>} <stdoutFile>]
---------------------------------------------------------------------
incorrect argument "-dict" for "set_property" at line 166 of file C:/Users/aidan/Documents/school/ee454/ee454edgeDetector/ee454_project_viv_try1/Lab2.xdc
incorrect set of required parameters for "set_property" at line 166 of file C:/Users/aidan/Documents/school/ee454/ee454edgeDetector/ee454_project_viv_try1/Lab2.xdc
---------------------------------------------------------------------
Usage:
  set_property
    [-help]
    [-quiet]
    attribute
    value
    object
    [{>|>>} <stdoutFile>]
---------------------------------------------------------------------
incorrect argument "-dict" for "set_property" at line 167 of file C:/Users/aidan/Documents/school/ee454/ee454edgeDetector/ee454_project_viv_try1/Lab2.xdc
incorrect set of required parameters for "set_property" at line 167 of file C:/Users/aidan/Documents/school/ee454/ee454edgeDetector/ee454_project_viv_try1/Lab2.xdc
---------------------------------------------------------------------
Usage:
  set_property
    [-help]
    [-quiet]
    attribute
    value
    object
    [{>|>>} <stdoutFile>]
---------------------------------------------------------------------
incorrect argument "-dict" for "set_property" at line 168 of file C:/Users/aidan/Documents/school/ee454/ee454edgeDetector/ee454_project_viv_try1/Lab2.xdc
incorrect set of required parameters for "set_property" at line 168 of file C:/Users/aidan/Documents/school/ee454/ee454edgeDetector/ee454_project_viv_try1/Lab2.xdc
---------------------------------------------------------------------
Usage:
  set_property
    [-help]
    [-quiet]
    attribute
    value
    object
    [{>|>>} <stdoutFile>]
---------------------------------------------------------------------
incorrect argument "-dict" for "set_property" at line 171 of file C:/Users/aidan/Documents/school/ee454/ee454edgeDetector/ee454_project_viv_try1/Lab2.xdc
incorrect set of required parameters for "set_property" at line 171 of file C:/Users/aidan/Documents/school/ee454/ee454edgeDetector/ee454_project_viv_try1/Lab2.xdc
---------------------------------------------------------------------
Usage:
  set_property
    [-help]
    [-quiet]
    attribute
    value
    object
    [{>|>>} <stdoutFile>]
---------------------------------------------------------------------
incorrect argument "-dict" for "set_property" at line 172 of file C:/Users/aidan/Documents/school/ee454/ee454edgeDetector/ee454_project_viv_try1/Lab2.xdc
incorrect set of required parameters for "set_property" at line 172 of file C:/Users/aidan/Documents/school/ee454/ee454edgeDetector/ee454_project_viv_try1/Lab2.xdc
---------------------------------------------------------------------
Usage:
  set_property
    [-help]
    [-quiet]
    attribute
    value
    object
    [{>|>>} <stdoutFile>]
---------------------------------------------------------------------
---------------------------------------------------------------------------------
Finished Applying XDC Timing Constraints : Time (s): cpu = 00:00:32 ; elapsed = 00:00:35 . Memory (MB): peak = 598.859 ; gain = 421.250
---------------------------------------------------------------------------------
---------------------------------------------------------------------------------
Finished Timing Optimization : Time (s): cpu = 00:00:32 ; elapsed = 00:00:35 . Memory (MB): peak = 598.859 ; gain = 421.250
---------------------------------------------------------------------------------

Report RTL Partitions: 
+-+--------------+------------+----------+
| |RTL Partition |Replication |Instances |
+-+--------------+------------+----------+
+-+--------------+------------+----------+
---------------------------------------------------------------------------------
Start Technology Mapping
---------------------------------------------------------------------------------
---------------------------------------------------------------------------------
Finished Technology Mapping : Time (s): cpu = 00:00:32 ; elapsed = 00:00:35 . Memory (MB): peak = 598.859 ; gain = 421.250
---------------------------------------------------------------------------------

Report RTL Partitions: 
+-+--------------+------------+----------+
| |RTL Partition |Replication |Instances |
+-+--------------+------------+----------+
+-+--------------+------------+----------+
---------------------------------------------------------------------------------
Start IO Insertion
---------------------------------------------------------------------------------
---------------------------------------------------------------------------------
Start Final Netlist Cleanup
---------------------------------------------------------------------------------
---------------------------------------------------------------------------------
Finished Final Netlist Cleanup
---------------------------------------------------------------------------------
---------------------------------------------------------------------------------
Finished IO Insertion : Time (s): cpu = 00:00:32 ; elapsed = 00:00:36 . Memory (MB): peak = 598.859 ; gain = 421.250
---------------------------------------------------------------------------------

Report Check Netlist: 
+------+------------------+-------+---------+-------+------------------+
|      |Item              |Errors |Warnings |Status |Description       |
+------+------------------+-------+---------+-------+------------------+
|1     |multi_driven_nets |      0|        0|Passed |Multi driven nets |
+------+------------------+-------+---------+-------+------------------+
---------------------------------------------------------------------------------
Start Renaming Generated Instances
---------------------------------------------------------------------------------
---------------------------------------------------------------------------------
Finished Renaming Generated Instances : Time (s): cpu = 00:00:32 ; elapsed = 00:00:36 . Memory (MB): peak = 598.859 ; gain = 421.250
---------------------------------------------------------------------------------

Report RTL Partitions: 
+-+--------------+------------+----------+
| |RTL Partition |Replication |Instances |
+-+--------------+------------+----------+
+-+--------------+------------+----------+
---------------------------------------------------------------------------------
Start Rebuilding User Hierarchy
---------------------------------------------------------------------------------
---------------------------------------------------------------------------------
Finished Rebuilding User Hierarchy : Time (s): cpu = 00:00:32 ; elapsed = 00:00:36 . Memory (MB): peak = 598.859 ; gain = 421.250
---------------------------------------------------------------------------------
---------------------------------------------------------------------------------
Start Renaming Generated Ports : Time (s): cpu = 00:00:32 ; elapsed = 00:00:36 . Memory (MB): peak = 598.859 ; gain = 421.250
---------------------------------------------------------------------------------
---------------------------------------------------------------------------------
Finished Renaming Generated Ports : Time (s): cpu = 00:00:32 ; elapsed = 00:00:36 . Memory (MB): peak = 598.859 ; gain = 421.250
---------------------------------------------------------------------------------
---------------------------------------------------------------------------------
Start Writing Synthesis Report
---------------------------------------------------------------------------------

Report BlackBoxes: 
+-+--------------+----------+
| |BlackBox name |Instances |
+-+--------------+----------+
+-+--------------+----------+

Report Cell Usage: 
+------+-------+------+
|      |Cell   |Count |
+------+-------+------+
|1     |BUFG   |     1|
|2     |CARRY4 |     4|
|3     |LUT1   |     7|
|4     |LUT2   |     7|
|5     |LUT3   |     3|
|6     |LUT4   |     4|
|7     |LUT6   |     2|
|8     |MUXF7  |     1|
|9     |FDCE   |     8|
|10    |IBUF   |     2|
|11    |OBUF   |    11|
+------+-------+------+

Report Instance Areas: 
+------+---------+-------+------+
|      |Instance |Module |Cells |
+------+---------+-------+------+
|1     |top      |       |    50|
+------+---------+-------+------+
---------------------------------------------------------------------------------
Finished Writing Synthesis Report : Time (s): cpu = 00:00:32 ; elapsed = 00:00:36 . Memory (MB): peak = 598.859 ; gain = 421.250
---------------------------------------------------------------------------------
Synthesis finished with 0 errors, 0 critical warnings and 12 warnings.
Synthesis Optimization Runtime : Time (s): cpu = 00:00:20 ; elapsed = 00:00:25 . Memory (MB): peak = 598.859 ; gain = 88.246
Synthesis Optimization Complete : Time (s): cpu = 00:00:32 ; elapsed = 00:00:36 . Memory (MB): peak = 598.859 ; gain = 421.250
INFO: [Project 1-571] Translating synthesized netlist
INFO: [Netlist 29-17] Analyzing 6 Unisim elements for replacement
INFO: [Netlist 29-28] Unisim Transformation completed in 0 CPU seconds
INFO: [Project 1-570] Preparing netlist for logic optimization
INFO: [Opt 31-138] Pushed 0 inverter(s) to 0 load pin(s).
INFO: [Project 1-111] Unisim Transformation Summary:
No Unisim elements were transformed.

INFO: [Common 17-83] Releasing license: Synthesis
15 Infos, 12 Warnings, 0 Critical Warnings and 0 Errors encountered.
synth_design completed successfully
synth_design: Time (s): cpu = 00:00:32 ; elapsed = 00:00:34 . Memory (MB): peak = 598.859 ; gain = 383.828
report_utilization: Time (s): cpu = 00:00:00 ; elapsed = 00:00:00.053 . Memory (MB): peak = 598.859 ; gain = 0.000
INFO: [Common 17-206] Exiting Vivado at Tue Apr 26 14:52:59 2016...
